  Main.cpp
  The contents of <filesystem> are available only with C++17 or later.
D:\CS Practicals\300 Level\CS308 Computer Graphics Programming\Project\Museum\Museum\Main.cpp(53,49): warning C4305: 'initializing': truncation from 'double' to 'GLfloat'
D:\CS Practicals\300 Level\CS308 Computer Graphics Programming\Project\Museum\Museum\Main.cpp(54,49): warning C4305: 'initializing': truncation from 'double' to 'GLfloat'
D:\CS Practicals\300 Level\CS308 Computer Graphics Programming\Project\Museum\Museum\Main.cpp(63,48): warning C4305: 'initializing': truncation from 'double' to 'GLfloat'
D:\CS Practicals\300 Level\CS308 Computer Graphics Programming\Project\Museum\Museum\Main.cpp(275,29): warning C4305: 'argument': truncation from 'double' to 'GLfloat'
D:\CS Practicals\300 Level\CS308 Computer Graphics Programming\Project\Museum\Museum\Main.cpp(294,65): warning C4244: '=': conversion from 'double' to 'GLfloat', possible loss of data
D:\CS Practicals\300 Level\CS308 Computer Graphics Programming\Project\Museum\Museum\Main.cpp(295,38): warning C4244: '=': conversion from 'double' to 'GLfloat', possible loss of data
D:\CS Practicals\300 Level\CS308 Computer Graphics Programming\Project\Museum\Museum\Main.cpp(296,65): warning C4244: '=': conversion from 'double' to 'GLfloat', possible loss of data
D:\CS Practicals\300 Level\CS308 Computer Graphics Programming\Project\Museum\Museum\Main.cpp(331,37): warning C4305: 'argument': truncation from 'double' to 'GLfloat'
D:\CS Practicals\300 Level\CS308 Computer Graphics Programming\Project\Museum\Museum\Main.cpp(345,39): warning C4305: 'argument': truncation from 'double' to 'GLfloat'
D:\CS Practicals\300 Level\CS308 Computer Graphics Programming\Project\Museum\Museum\Main.cpp(358,39): warning C4305: 'argument': truncation from 'double' to 'GLfloat'
D:\CS Practicals\300 Level\CS308 Computer Graphics Programming\Project\Museum\Museum\Main.cpp(371,39): warning C4305: 'argument': truncation from 'double' to 'GLfloat'
D:\CS Practicals\300 Level\CS308 Computer Graphics Programming\Project\Museum\Museum\Main.cpp(586,35): warning C4305: 'argument': truncation from 'double' to 'GLfloat'
D:\CS Practicals\300 Level\CS308 Computer Graphics Programming\Project\Museum\Museum\Main.cpp(587,33): warning C4305: 'argument': truncation from 'double' to 'GLfloat'
D:\CS Practicals\300 Level\CS308 Computer Graphics Programming\Project\Museum\Museum\Main.cpp(588,31): warning C4305: 'argument': truncation from 'double' to 'GLfloat'
D:\CS Practicals\300 Level\CS308 Computer Graphics Programming\Project\Museum\Museum\Main.cpp(603,35): warning C4305: 'argument': truncation from 'double' to 'GLfloat'
D:\CS Practicals\300 Level\CS308 Computer Graphics Programming\Project\Museum\Museum\Main.cpp(642,31): warning C4305: 'argument': truncation from 'double' to 'GLfloat'
D:\CS Practicals\300 Level\CS308 Computer Graphics Programming\Project\Museum\Museum\Main.cpp(646,36): warning C4305: 'argument': truncation from 'double' to 'GLfloat'
D:\CS Practicals\300 Level\CS308 Computer Graphics Programming\Project\Museum\Museum\Main.cpp(753,41): warning C4305: 'argument': truncation from 'double' to 'GLfloat'
D:\CS Practicals\300 Level\CS308 Computer Graphics Programming\Project\Museum\Museum\Main.cpp(754,39): warning C4305: 'argument': truncation from 'double' to 'GLfloat'
D:\CS Practicals\300 Level\CS308 Computer Graphics Programming\Project\Museum\Museum\Main.cpp(766,41): warning C4305: 'argument': truncation from 'double' to 'GLfloat'
D:\CS Practicals\300 Level\CS308 Computer Graphics Programming\Project\Museum\Museum\Main.cpp(767,39): warning C4305: 'argument': truncation from 'double' to 'GLfloat'
D:\CS Practicals\300 Level\CS308 Computer Graphics Programming\Project\Museum\Museum\Main.cpp(779,42): warning C4305: 'argument': truncation from 'double' to 'GLfloat'
D:\CS Practicals\300 Level\CS308 Computer Graphics Programming\Project\Museum\Museum\Main.cpp(780,39): warning C4305: 'argument': truncation from 'double' to 'GLfloat'
D:\CS Practicals\300 Level\CS308 Computer Graphics Programming\Project\Museum\Museum\Main.cpp(792,42): warning C4305: 'argument': truncation from 'double' to 'GLfloat'
D:\CS Practicals\300 Level\CS308 Computer Graphics Programming\Project\Museum\Museum\Main.cpp(793,39): warning C4305: 'argument': truncation from 'double' to 'GLfloat'
D:\CS Practicals\300 Level\CS308 Computer Graphics Programming\Project\Museum\Museum\Main.cpp(805,41): warning C4305: 'argument': truncation from 'double' to 'GLfloat'
D:\CS Practicals\300 Level\CS308 Computer Graphics Programming\Project\Museum\Museum\Main.cpp(806,39): warning C4305: 'argument': truncation from 'double' to 'GLfloat'
D:\CS Practicals\300 Level\CS308 Computer Graphics Programming\Project\Museum\Museum\Main.cpp(818,42): warning C4305: 'argument': truncation from 'double' to 'GLfloat'
D:\CS Practicals\300 Level\CS308 Computer Graphics Programming\Project\Museum\Museum\Main.cpp(819,39): warning C4305: 'argument': truncation from 'double' to 'GLfloat'
D:\CS Practicals\300 Level\CS308 Computer Graphics Programming\Project\Museum\Museum\Main.cpp(831,42): warning C4305: 'argument': truncation from 'double' to 'GLfloat'
D:\CS Practicals\300 Level\CS308 Computer Graphics Programming\Project\Museum\Museum\Main.cpp(832,39): warning C4305: 'argument': truncation from 'double' to 'GLfloat'
D:\CS Practicals\300 Level\CS308 Computer Graphics Programming\Project\Museum\Museum\Main.cpp(844,42): warning C4305: 'argument': truncation from 'double' to 'GLfloat'
D:\CS Practicals\300 Level\CS308 Computer Graphics Programming\Project\Museum\Museum\Main.cpp(845,39): warning C4305: 'argument': truncation from 'double' to 'GLfloat'
D:\CS Practicals\300 Level\CS308 Computer Graphics Programming\Project\Museum\Museum\Main.cpp(864,42): warning C4305: 'argument': truncation from 'double' to 'GLfloat'
D:\CS Practicals\300 Level\CS308 Computer Graphics Programming\Project\Museum\Museum\Main.cpp(865,39): warning C4305: 'argument': truncation from 'double' to 'GLfloat'
D:\CS Practicals\300 Level\CS308 Computer Graphics Programming\Project\Museum\Museum\Main.cpp(877,42): warning C4305: 'argument': truncation from 'double' to 'GLfloat'
D:\CS Practicals\300 Level\CS308 Computer Graphics Programming\Project\Museum\Museum\Main.cpp(878,39): warning C4305: 'argument': truncation from 'double' to 'GLfloat'
D:\CS Practicals\300 Level\CS308 Computer Graphics Programming\Project\Museum\Museum\Main.cpp(890,43): warning C4305: 'argument': truncation from 'double' to 'GLfloat'
D:\CS Practicals\300 Level\CS308 Computer Graphics Programming\Project\Museum\Museum\Main.cpp(891,39): warning C4305: 'argument': truncation from 'double' to 'GLfloat'
D:\CS Practicals\300 Level\CS308 Computer Graphics Programming\Project\Museum\Museum\Main.cpp(903,43): warning C4305: 'argument': truncation from 'double' to 'GLfloat'
D:\CS Practicals\300 Level\CS308 Computer Graphics Programming\Project\Museum\Museum\Main.cpp(904,39): warning C4305: 'argument': truncation from 'double' to 'GLfloat'
D:\CS Practicals\300 Level\CS308 Computer Graphics Programming\Project\Museum\Museum\Main.cpp(916,42): warning C4305: 'argument': truncation from 'double' to 'GLfloat'
D:\CS Practicals\300 Level\CS308 Computer Graphics Programming\Project\Museum\Museum\Main.cpp(917,39): warning C4305: 'argument': truncation from 'double' to 'GLfloat'
D:\CS Practicals\300 Level\CS308 Computer Graphics Programming\Project\Museum\Museum\Main.cpp(929,43): warning C4305: 'argument': truncation from 'double' to 'GLfloat'
D:\CS Practicals\300 Level\CS308 Computer Graphics Programming\Project\Museum\Museum\Main.cpp(930,39): warning C4305: 'argument': truncation from 'double' to 'GLfloat'
D:\CS Practicals\300 Level\CS308 Computer Graphics Programming\Project\Museum\Museum\Main.cpp(942,43): warning C4305: 'argument': truncation from 'double' to 'GLfloat'
D:\CS Practicals\300 Level\CS308 Computer Graphics Programming\Project\Museum\Museum\Main.cpp(943,39): warning C4305: 'argument': truncation from 'double' to 'GLfloat'
D:\CS Practicals\300 Level\CS308 Computer Graphics Programming\Project\Museum\Museum\Main.cpp(955,43): warning C4305: 'argument': truncation from 'double' to 'GLfloat'
D:\CS Practicals\300 Level\CS308 Computer Graphics Programming\Project\Museum\Museum\Main.cpp(956,39): warning C4305: 'argument': truncation from 'double' to 'GLfloat'
D:\CS Practicals\300 Level\CS308 Computer Graphics Programming\Project\Museum\Museum\Main.cpp(1099,19): warning C4244: 'argument': conversion from 'double' to 'unsigned int', possible loss of data
  Museum.vcxproj -> D:\CS Practicals\300 Level\CS308 Computer Graphics Programming\Project\Museum\Debug\Museum.exe
